TN:
SF:src/GreenStaker.sol
FN:92,GreenStaker.pause
FNDA:9,GreenStaker.pause
DA:93,9
DA:93,9
FN:99,GreenStaker.unpause
FNDA:9,GreenStaker.unpause
DA:100,9
DA:100,9
FN:108,GreenStaker.setAdmin
FNDA:3,GreenStaker.setAdmin
DA:109,2
DA:109,2
FN:117,GreenStaker.setTokenWhitelist
FNDA:14,GreenStaker.setTokenWhitelist
DA:118,7
DA:118,7
FN:126,GreenStaker.adminYieldDeposit
FNDA:5,GreenStaker.adminYieldDeposit
DA:127,4
DA:127,4
DA:128,4
DA:128,4
BRDA:128,0,0,1
BRDA:128,0,1,3
DA:129,3
DA:129,3
DA:130,3
DA:130,3
DA:131,3
DA:131,3
FN:139,GreenStaker.adminModifyNoticePeriod
FNDA:1,GreenStaker.adminModifyNoticePeriod
DA:140,1
DA:140,1
FN:149,GreenStaker.deposit
FNDA:24,GreenStaker.deposit
DA:150,18
DA:150,18
BRDA:150,1,0,6
BRDA:150,1,1,12
DA:152,12
DA:152,12
DA:153,12
DA:153,12
BRDA:153,2,0,6
BRDA:153,2,1,6
DA:155,6
DA:155,6
DA:156,6
DA:156,6
DA:157,6
DA:157,6
DA:159,6
DA:159,6
DA:159,6
DA:160,6
DA:160,6
DA:161,6
DA:161,6
FN:168,GreenStaker.getUserReward
FNDA:1,GreenStaker.getUserReward
DA:169,5
DA:169,5
DA:170,5
DA:170,5
BRDA:170,3,0,4
BRDA:170,3,1,5
DA:170,4
DA:171,5
DA:171,5
DA:171,5
FN:178,GreenStaker.requestWithdraw
FNDA:12,GreenStaker.requestWithdraw
DA:179,10
DA:179,10
DA:180,10
DA:180,10
DA:181,10
DA:181,10
DA:181,10
DA:183,6
DA:183,6
BRDA:183,4,0,2
BRDA:183,4,1,4
DA:184,4
DA:184,4
BRDA:184,5,0,-
BRDA:184,5,1,4
DA:186,4
DA:186,4
DA:187,4
DA:187,4
DA:188,4
DA:188,4
DA:190,4
DA:190,4
DA:190,4
DA:191,4
DA:191,4
FN:199,GreenStaker.isAllowedToClaim
FNDA:7,GreenStaker.isAllowedToClaim
DA:200,10
DA:200,10
DA:200,10
DA:200,10
FN:207,GreenStaker.claim
FNDA:4,GreenStaker.claim
DA:208,3
DA:208,3
DA:209,3
DA:209,3
BRDA:209,6,0,1
BRDA:209,6,1,2
DA:210,2
DA:210,2
BRDA:210,7,0,1
BRDA:210,7,1,1
DA:212,1
DA:212,1
DA:214,1
DA:214,1
DA:214,1
DA:215,1
DA:215,1
DA:216,1
DA:216,1
DA:217,1
DA:217,1
DA:219,1
DA:219,1
DA:220,1
DA:220,1
DA:221,1
DA:221,1
DA:222,1
DA:222,1
FN:230,GreenStaker.balanceOf
FNDA:1,GreenStaker.balanceOf
DA:231,5
DA:231,5
FN:238,GreenStaker.getRewardTokenInfo
FNDA:16,GreenStaker.getRewardTokenInfo
DA:239,16
DA:239,16
FN:247,GreenStaker.getUserInfo
FNDA:12,GreenStaker.getUserInfo
DA:248,12
DA:248,12
FN:255,GreenStaker.getNoticePeriodInfo
FNDA:2,GreenStaker.getNoticePeriodInfo
DA:256,2
DA:256,2
FN:263,GreenStaker.isAdmin
FNDA:2,GreenStaker.isAdmin
DA:264,2
DA:264,2
FNF:16
FNH:16
LF:50
LH:50
BRF:16
BRH:15
end_of_record
TN:
SF:src/TemplateERC20.sol
FN:11,TemplateERC20.burn
FNDA:4,TemplateERC20.burn
DA:12,4
DA:12,4
FNF:1
FNH:1
LF:1
LH:1
BRF:0
BRH:0
end_of_record
TN:
SF:src/WithdrawalNFT.sol
FN:12,WithdrawalNFT.mintNFT
FNDA:4,WithdrawalNFT.mintNFT
DA:13,4
DA:13,4
DA:14,4
DA:14,4
DA:15,4
DA:15,4
DA:16,4
DA:16,4
FN:19,WithdrawalNFT.burnNFT
FNDA:1,WithdrawalNFT.burnNFT
DA:20,1
DA:20,1
FNF:2
FNH:2
LF:5
LH:5
BRF:0
BRH:0
end_of_record
